0 info it worked if it ends with ok
1 verbose cli [ 'node',
1 verbose cli   '/usr/local/bin/npm',
1 verbose cli   'install',
1 verbose cli   '-g',
1 verbose cli   'generator-gulp-angular' ]
2 info using npm@1.4.14
3 info using node@v0.10.29
4 verbose cache add [ 'generator-gulp-angular', null ]
5 verbose cache add name=undefined spec="generator-gulp-angular" args=["generator-gulp-angular",null]
6 verbose parsed url { protocol: null,
6 verbose parsed url   slashes: null,
6 verbose parsed url   auth: null,
6 verbose parsed url   host: null,
6 verbose parsed url   port: null,
6 verbose parsed url   hostname: null,
6 verbose parsed url   hash: null,
6 verbose parsed url   search: null,
6 verbose parsed url   query: null,
6 verbose parsed url   pathname: 'generator-gulp-angular',
6 verbose parsed url   path: 'generator-gulp-angular',
6 verbose parsed url   href: 'generator-gulp-angular' }
7 silly lockFile 78636691-generator-gulp-angular generator-gulp-angular
8 verbose lock generator-gulp-angular /Users/Prazza/.npm/78636691-generator-gulp-angular.lock
9 silly lockFile 78636691-generator-gulp-angular generator-gulp-angular
10 silly lockFile 78636691-generator-gulp-angular generator-gulp-angular
11 verbose addNamed [ 'generator-gulp-angular', '' ]
12 verbose addNamed [ null, '*' ]
13 silly lockFile edbf5540-generator-gulp-angular generator-gulp-angular@
14 verbose lock generator-gulp-angular@ /Users/Prazza/.npm/edbf5540-generator-gulp-angular.lock
15 silly addNameRange { name: 'generator-gulp-angular', range: '*', hasData: false }
16 verbose url raw generator-gulp-angular
17 verbose url resolving [ 'https://registry.npmjs.org/', './generator-gulp-angular' ]
18 verbose url resolved https://registry.npmjs.org/generator-gulp-angular
19 info trying registry request attempt 1 at 18:57:18
20 http GET https://registry.npmjs.org/generator-gulp-angular
21 http 200 https://registry.npmjs.org/generator-gulp-angular
22 silly registry.get cb [ 200,
22 silly registry.get   { date: 'Wed, 13 Aug 2014 23:57:19 GMT',
22 silly registry.get     server: 'CouchDB/1.5.0 (Erlang OTP/R16B03)',
22 silly registry.get     etag: '"BETHXUGOGEZDE769OC8CYZL7Y"',
22 silly registry.get     'content-type': 'application/json',
22 silly registry.get     'cache-control': 'max-age=60',
22 silly registry.get     'content-length': '18006',
22 silly registry.get     'accept-ranges': 'bytes',
22 silly registry.get     via: '1.1 varnish',
22 silly registry.get     age: '3753',
22 silly registry.get     'x-served-by': 'cache-ord1735-ORD',
22 silly registry.get     'x-cache': 'MISS',
22 silly registry.get     'x-cache-hits': '0',
22 silly registry.get     'x-timer': 'S1407974239.233993,VS0,VE269',
22 silly registry.get     vary: 'Accept',
22 silly registry.get     'keep-alive': 'timeout=10, max=50',
22 silly registry.get     connection: 'Keep-Alive' } ]
23 silly addNameRange number 2 { name: 'generator-gulp-angular', range: '*', hasData: true }
24 silly addNameRange versions [ 'generator-gulp-angular',
24 silly addNameRange   [ '0.0.1',
24 silly addNameRange     '0.1.1',
24 silly addNameRange     '0.2.0',
24 silly addNameRange     '0.2.1',
24 silly addNameRange     '0.3.0',
24 silly addNameRange     '0.3.1',
24 silly addNameRange     '0.4.0',
24 silly addNameRange     '0.4.1' ] ]
25 verbose addNamed [ 'generator-gulp-angular', '0.4.1' ]
26 verbose addNamed [ '0.4.1', '0.4.1' ]
27 silly lockFile 13bc3265-generator-gulp-angular-0-4-1 generator-gulp-angular@0.4.1
28 verbose lock generator-gulp-angular@0.4.1 /Users/Prazza/.npm/13bc3265-generator-gulp-angular-0-4-1.lock
29 silly lockFile 28beccfe-generator-gulp-angular-0-4-1-tgz https://registry.npmjs.org/generator-gulp-angular/-/generator-gulp-angular-0.4.1.tgz
30 verbose lock https://registry.npmjs.org/generator-gulp-angular/-/generator-gulp-angular-0.4.1.tgz /Users/Prazza/.npm/28beccfe-generator-gulp-angular-0-4-1-tgz.lock
31 verbose addRemoteTarball [ 'https://registry.npmjs.org/generator-gulp-angular/-/generator-gulp-angular-0.4.1.tgz',
31 verbose addRemoteTarball   'e04dd83aba348a3e9ba2b3d46e03bfa98a179834' ]
32 info retry fetch attempt 1 at 18:57:19
33 verbose fetch to= /var/folders/2q/9y699pq13m7gczl8yg5j8n800000gn/T/npm-45986-B1eM1Qz6/registry.npmjs.org/generator-gulp-angular/-/generator-gulp-angular-0.4.1.tgz
34 http GET https://registry.npmjs.org/generator-gulp-angular/-/generator-gulp-angular-0.4.1.tgz
35 http 200 https://registry.npmjs.org/generator-gulp-angular/-/generator-gulp-angular-0.4.1.tgz
36 silly lockFile 28beccfe-generator-gulp-angular-0-4-1-tgz https://registry.npmjs.org/generator-gulp-angular/-/generator-gulp-angular-0.4.1.tgz
37 silly lockFile 28beccfe-generator-gulp-angular-0-4-1-tgz https://registry.npmjs.org/generator-gulp-angular/-/generator-gulp-angular-0.4.1.tgz
38 silly lockFile 13bc3265-generator-gulp-angular-0-4-1 generator-gulp-angular@0.4.1
39 silly lockFile 13bc3265-generator-gulp-angular-0-4-1 generator-gulp-angular@0.4.1
40 silly lockFile edbf5540-generator-gulp-angular generator-gulp-angular@
41 silly lockFile edbf5540-generator-gulp-angular generator-gulp-angular@
42 silly resolved [ { name: 'generator-gulp-angular',
42 silly resolved     version: '0.4.1',
42 silly resolved     description: 'Yeoman generator for Gulp & Angular',
42 silly resolved     license: 'MIT',
42 silly resolved     main: 'app/index.js',
42 silly resolved     repository:
42 silly resolved      { type: 'git',
42 silly resolved        url: 'https://github.com/Swiip/generator-gulp-angular' },
42 silly resolved     author:
42 silly resolved      { name: 'Swiip',
42 silly resolved        email: 'matthieu.lux@gmail.com',
42 silly resolved        url: 'https://github.com/Swiip' },
42 silly resolved     engines: { node: '>=0.10.0' },
42 silly resolved     scripts:
42 silly resolved      { pretest: 'cd test/deps && npm install && bower install',
42 silly resolved        test: 'mocha -g protractor -i' },
42 silly resolved     files: [ 'app' ],
42 silly resolved     keywords: [ 'yeoman-generator' ],
42 silly resolved     dependencies:
42 silly resolved      { async: '~0.8.0',
42 silly resolved        chalk: '~0.4.0',
42 silly resolved        lodash: '~2.4.1',
42 silly resolved        q: '~1.0.1',
42 silly resolved        'yeoman-generator': '~0.16.0',
42 silly resolved        yosay: '^0.3.0' },
42 silly resolved     devDependencies:
42 silly resolved      { mocha: '*',
42 silly resolved        colors: '~0.6.2',
42 silly resolved        chai: '~1.9.1',
42 silly resolved        'chai-as-promised': '~4.1.1',
42 silly resolved        bower: '~1.3.3' },
42 silly resolved     peerDependencies: { yo: '>=1.0.0' },
42 silly resolved     gitHead: 'c8c449c34298d6dc696c7cf3345d283298f51afc',
42 silly resolved     bugs: { url: 'https://github.com/Swiip/generator-gulp-angular/issues' },
42 silly resolved     homepage: 'https://github.com/Swiip/generator-gulp-angular',
42 silly resolved     _id: 'generator-gulp-angular@0.4.1',
42 silly resolved     _shasum: 'e04dd83aba348a3e9ba2b3d46e03bfa98a179834',
42 silly resolved     _from: 'generator-gulp-angular@',
42 silly resolved     _npmVersion: '1.4.16',
42 silly resolved     _npmUser: { name: 'swiip', email: 'matthieu.lux@gmail.com' },
42 silly resolved     maintainers: [ [Object] ],
42 silly resolved     dist:
42 silly resolved      { shasum: 'e04dd83aba348a3e9ba2b3d46e03bfa98a179834',
42 silly resolved        tarball: 'http://registry.npmjs.org/generator-gulp-angular/-/generator-gulp-angular-0.4.1.tgz' },
42 silly resolved     directories: {},
42 silly resolved     _resolved: 'https://registry.npmjs.org/generator-gulp-angular/-/generator-gulp-angular-0.4.1.tgz' } ]
43 info install generator-gulp-angular@0.4.1 into /usr/local/lib
44 info installOne generator-gulp-angular@0.4.1
45 info /usr/local/lib/node_modules/generator-gulp-angular unbuild
46 verbose tar unpack /Users/Prazza/.npm/generator-gulp-angular/0.4.1/package.tgz
47 silly lockFile dd8f84c7-e-modules-generator-gulp-angular tar:///usr/local/lib/node_modules/generator-gulp-angular
48 verbose lock tar:///usr/local/lib/node_modules/generator-gulp-angular /Users/Prazza/.npm/dd8f84c7-e-modules-generator-gulp-angular.lock
49 silly lockFile 15bd7475-r-gulp-angular-0-4-1-package-tgz tar:///Users/Prazza/.npm/generator-gulp-angular/0.4.1/package.tgz
50 verbose lock tar:///Users/Prazza/.npm/generator-gulp-angular/0.4.1/package.tgz /Users/Prazza/.npm/15bd7475-r-gulp-angular-0-4-1-package-tgz.lock
51 silly gunzTarPerm modes [ '755', '644' ]
52 error Error: EACCES, mkdir '/usr/local/lib/node_modules/generator-gulp-angular'
52 error  { [Error: EACCES, mkdir '/usr/local/lib/node_modules/generator-gulp-angular']
52 error   errno: 3,
52 error   code: 'EACCES',
52 error   path: '/usr/local/lib/node_modules/generator-gulp-angular',
52 error   fstream_type: 'Directory',
52 error   fstream_path: '/usr/local/lib/node_modules/generator-gulp-angular',
52 error   fstream_class: 'DirWriter',
52 error   fstream_stack:
52 error    [ '/usr/local/lib/node_modules/npm/node_modules/fstream/lib/dir-writer.js:36:23',
52 error      '/usr/local/lib/node_modules/npm/node_modules/mkdirp/index.js:37:53',
52 error      'Object.oncomplete (fs.js:107:15)' ] }
53 error Please try running this command again as root/Administrator.
54 error System Darwin 13.3.0
55 error command "node" "/usr/local/bin/npm" "install" "-g" "generator-gulp-angular"
56 error cwd /Users/Prazza/Documents/MakerSqaure/FinalProject
57 error node -v v0.10.29
58 error npm -v 1.4.14
59 error path /usr/local/lib/node_modules/generator-gulp-angular
60 error fstream_path /usr/local/lib/node_modules/generator-gulp-angular
61 error fstream_type Directory
62 error fstream_class DirWriter
63 error code EACCES
64 error errno 3
65 error stack Error: EACCES, mkdir '/usr/local/lib/node_modules/generator-gulp-angular'
66 error fstream_stack /usr/local/lib/node_modules/npm/node_modules/fstream/lib/dir-writer.js:36:23
66 error fstream_stack /usr/local/lib/node_modules/npm/node_modules/mkdirp/index.js:37:53
66 error fstream_stack Object.oncomplete (fs.js:107:15)
67 verbose exit [ 3, true ]
